<?xml version="1.0" encoding="UTF-8"?>
<!-- Generated by org.testng.reporters.JUnitXMLReporter -->
<testsuite ignored="10" hostname="DESKTOP-H20FB0I" failures="1" tests="6" name="Pass y user vacios" time="42.294" errors="0" timestamp="2023-03-27T01:39:09 ART">
  <testcase classname="tests.CPAB01PassYUserVacios" name="CPAB01PassYUserVacios" time="1.148"/>
  <testcase classname="tests.CPAB02PassYUserCorrectos" name="CPAB02PassYUserCorrectos" time="1.312"/>
  <testcase classname="tests.CPAB02PassYUserCorrectosFalloIntencional" name="CPAB02PassYUserCorrectosFalloIntencional" time="10.572">
    <failure type="org.openqa.selenium.NoSuchElementException" message="no such element: Unable to locate element: {&amp;quot;method&amp;quot;:&amp;quot;css selector&amp;quot;,&amp;quot;selector&amp;quot;:&amp;quot;#react-burger-menu-btn&amp;quot;}
  (Session info: chrome=111.0.5563.111)
For documentation on this error, please visit: https://selenium.dev/exceptions/#no_such_element
Build info: version: &amp;apos;4.8.2&amp;apos;, revision: &amp;apos;826dbfc730&amp;apos;
System info: os.name: &amp;apos;Windows 11&amp;apos;, os.arch: &amp;apos;amd64&amp;apos;, os.version: &amp;apos;10.0&amp;apos;, java.version: &amp;apos;20&amp;apos;
Driver info: org.openqa.selenium.chrome.ChromeDriver
Command: [0d262fb6d6ae673c7d191c58c62cfd7b, findElement {using=css selector, value=#react-burger-menu-btn}]
Capabilities {acceptInsecureCerts: false, browserName: chrome, browserVersion: 111.0.5563.111, chrome: {chromedriverVersion: 111.0.5563.64 (c710e93d5b63..., userDataDir: C:\Users\Yuuri\AppData\Loca...}, goog:chromeOptions: {debuggerAddress: localhost:55698}, networkConnectionEnabled: false, pageLoadStrategy: normal, platformName: WINDOWS, proxy: Proxy(), se:cdp: ws://localhost:55698/devtoo..., se:cdpVersion: 111.0.5563.111, setWindowRect: true, strictFileInteractability: false, timeouts: {implicit: 0, pageLoad: 300000, script: 30000}, unhandledPromptBehavior: dismiss and notify, webauthn:extension:credBlob: true, webauthn:extension:largeBlob: true, webauthn:extension:minPinLength: true, webauthn:extension:prf: true, webauthn:virtualAuthenticators: true}
Session ID: 0d262fb6d6ae673c7d191c58c62cfd7b">
      <![CDATA[org.openqa.selenium.NoSuchElementException: no such element: Unable to locate element: {"method":"css selector","selector":"#react-burger-menu-btn"}
  (Session info: chrome=111.0.5563.111)
For documentation on this error, please visit: https://selenium.dev/exceptions/#no_such_element
Build info: version: '4.8.2', revision: '826dbfc730'
System info: os.name: 'Windows 11', os.arch: 'amd64', os.version: '10.0', java.version: '20'
Driver info: org.openqa.selenium.chrome.ChromeDriver
Command: [0d262fb6d6ae673c7d191c58c62cfd7b, findElement {using=css selector, value=#react-burger-menu-btn}]
Capabilities {acceptInsecureCerts: false, browserName: chrome, browserVersion: 111.0.5563.111, chrome: {chromedriverVersion: 111.0.5563.64 (c710e93d5b63..., userDataDir: C:\Users\Yuuri\AppData\Loca...}, goog:chromeOptions: {debuggerAddress: localhost:55698}, networkConnectionEnabled: false, pageLoadStrategy: normal, platformName: WINDOWS, proxy: Proxy(), se:cdp: ws://localhost:55698/devtoo..., se:cdpVersion: 111.0.5563.111, setWindowRect: true, strictFileInteractability: false, timeouts: {implicit: 0, pageLoad: 300000, script: 30000}, unhandledPromptBehavior: dismiss and notify, webauthn:extension:credBlob: true, webauthn:extension:largeBlob: true, webauthn:extension:minPinLength: true, webauthn:extension:prf: true, webauthn:virtualAuthenticators: true}
Session ID: 0d262fb6d6ae673c7d191c58c62cfd7b
at org.openqa.selenium.remote.codec.w3c.W3CHttpResponseCodec.createException(W3CHttpResponseCodec.java:200)
at org.openqa.selenium.remote.codec.w3c.W3CHttpResponseCodec.decode(W3CHttpResponseCodec.java:133)
at org.openqa.selenium.remote.codec.w3c.W3CHttpResponseCodec.decode(W3CHttpResponseCodec.java:53)
at org.openqa.selenium.remote.HttpCommandExecutor.execute(HttpCommandExecutor.java:193)
at org.openqa.selenium.remote.service.DriverCommandExecutor.invokeExecute(DriverCommandExecutor.java:183)
at org.openqa.selenium.remote.service.DriverCommandExecutor.execute(DriverCommandExecutor.java:158)
at org.openqa.selenium.remote.RemoteWebDriver.execute(RemoteWebDriver.java:543)
at org.openqa.selenium.remote.ElementLocation$ElementFinder$2.findElement(ElementLocation.java:162)
at org.openqa.selenium.remote.ElementLocation.findElement(ElementLocation.java:60)
at org.openqa.selenium.remote.RemoteWebDriver.findElement(RemoteWebDriver.java:352)
at org.openqa.selenium.remote.RemoteWebDriver.findElement(RemoteWebDriver.java:344)
at pageObjects.TiendaPage.desloguear(TiendaPage.java:34)
at tests.CPAB02PassYUserCorrectosFalloIntencional.CPAB02PassYUserCorrectosFalloIntencional(CPAB02PassYUserCorrectosFalloIntencional.java:19)
at java.base/java.util.ArrayList.forEach(ArrayList.java:1511)
... Removed 32 stack frames]]>
    </failure>
  </testcase> <!-- CPAB02PassYUserCorrectosFalloIntencional -->
  <testcase classname="tests.CPAB03UsuarioBloqueado" name="CPAB03UsuarioBloqueado" time="0.529"/>
  <testcase classname="tests.CPAB04AgregarItemAlCarrito" name="CPAB04AgregarItemAlCarrito" time="2.588"/>
  <testcase classname="tests.CPAB05SacarItemDelCarrito" name="CPAB05SacarItemDelCarrito" time="13.89"/>
  <testcase classname="tests.TestBase" name="@BeforeSuite iniciarSuite" time="0.0">
    <ignored/>
  </testcase> <!-- @BeforeSuite iniciarSuite -->
  <testcase classname="tests.TestBase" name="@AfterSuite cerrarSuite" time="0.0">
    <ignored/>
  </testcase> <!-- @AfterSuite cerrarSuite -->
  <testcase classname="tests.TestBase" name="@BeforeSuite iniciarSuite" time="0.0">
    <ignored/>
  </testcase> <!-- @BeforeSuite iniciarSuite -->
  <testcase classname="tests.TestBase" name="@BeforeSuite iniciarSuite" time="0.0">
    <ignored/>
  </testcase> <!-- @BeforeSuite iniciarSuite -->
  <testcase classname="tests.TestBase" name="@BeforeSuite iniciarSuite" time="0.0">
    <ignored/>
  </testcase> <!-- @BeforeSuite iniciarSuite -->
  <testcase classname="tests.TestBase" name="@AfterSuite cerrarSuite" time="0.0">
    <ignored/>
  </testcase> <!-- @AfterSuite cerrarSuite -->
  <testcase classname="tests.TestBase" name="@AfterSuite cerrarSuite" time="0.0">
    <ignored/>
  </testcase> <!-- @AfterSuite cerrarSuite -->
  <testcase classname="tests.TestBase" name="@BeforeSuite iniciarSuite" time="0.0">
    <ignored/>
  </testcase> <!-- @BeforeSuite iniciarSuite -->
  <testcase classname="tests.TestBase" name="@AfterSuite cerrarSuite" time="0.0">
    <ignored/>
  </testcase> <!-- @AfterSuite cerrarSuite -->
  <testcase classname="tests.TestBase" name="@AfterSuite cerrarSuite" time="0.0">
    <ignored/>
  </testcase> <!-- @AfterSuite cerrarSuite -->
</testsuite> <!-- Pass y user vacios -->
